TN:
SF:02-ratelimitter.js
FNF:0
FNH:0
DA:1,1
DA:2,1
DA:3,1
DA:4,1
DA:5,1
DA:6,1
DA:7,1
DA:8,1
DA:9,1
DA:10,1
DA:11,1
DA:12,1
DA:13,1
DA:14,1
DA:15,1
DA:16,1
DA:17,14
DA:18,1
DA:19,1
DA:20,13
DA:21,13
DA:22,13
DA:23,0
DA:24,0
DA:25,0
DA:26,0
DA:27,0
DA:28,0
DA:29,0
DA:30,0
DA:31,0
DA:32,0
DA:33,13
DA:34,13
DA:35,0
DA:36,0
DA:37,0
DA:38,13
DA:39,13
DA:40,13
DA:41,0
DA:42,13
DA:43,13
DA:44,13
DA:45,0
DA:46,13
DA:47,13
DA:48,13
DA:49,1
DA:50,13
DA:51,13
DA:52,1
DA:53,1
DA:54,1
DA:55,1
LF:55
LH:40
BRDA:16,0,0,14
BRDA:19,1,0,13
BRDA:22,2,0,0
BRDA:48,3,0,1
BRF:4
BRH:3
end_of_record
